<?xml version="1.0" encoding="UTF-8"?>
<testsuite name="associationassignmentsystem.AppTest" tests="1" skipped="0" failures="0" errors="0" timestamp="2025-05-16T02:01:14" hostname="nurana-Vostro-15-3510" time="0.026">
  <properties/>
  <testcase name="appHasAGreeting()" classname="associationassignmentsystem.AppTest" time="0.026"/>
  <system-out><![CDATA[]]></system-out>
  <system-err><![CDATA[]]></system-err>
</testsuite>
